Removed Pin From Net: NetName=NetC?_2 Pin=C?-2
Removed Pin From Net: NetName=NetC?_2 Pin=R?-2
Removed Pin From Net: NetName=NetR3_1 Pin=U1-1
Removed Pin From Net: NetName=NetR3_1 Pin=U1-2
Removed Pin From Net: NetName=NetC2_1 Pin=U1-3
Removed Pin From Net: NetName=VCC Pin=U1-4
Removed Pin From Net: NetName=GND Pin=U1-11
Removed Pin From Net: NetName=VCC Pin=U2-4
Removed Pin From Net: NetName=NetC3_2 Pin=U2-5
Removed Pin From Net: NetName=NetC4_1 Pin=U2-6
Removed Pin From Net: NetName=NetC4_1 Pin=U2-7
Removed Pin From Net: NetName=GND Pin=U2-11
Removed Pin From Net: NetName=VCC Pin=U?-4
Removed Pin From Net: NetName=NetC?_2 Pin=U?-10
Removed Pin From Net: NetName=GND Pin=U?-11
Change Component Designator: OldDesignator=U? NewDesignator=U1
Added Pin To Net: NetName=NetC?_2 Pin=C?-2
Added Pin To Net: NetName=NetC?_2 Pin=R?-1
Added Pin To Net: NetName=NetC?_2 Pin=R?-2
Added Pin To Net: NetName=NetR3_1 Pin=U1-1
Added Pin To Net: NetName=NetR3_1 Pin=U1-2
Added Pin To Net: NetName=NetC2_1 Pin=U1-3
Added Pin To Net: NetName=VCC Pin=U1-4
Added Pin To Net: NetName=NetC3_2 Pin=U1-5
Added Pin To Net: NetName=NetC4_1 Pin=U1-6
Added Pin To Net: NetName=NetC4_1 Pin=U1-7
Added Pin To Net: NetName=NetU1_8 Pin=U1-8
Added Net: Name=NetU1_8
Added Member To Class: ClassName=Sheet2 Member=Component C? Value
Added Member To Class: ClassName=Sheet2 Member=Component C? Value
Added Member To Class: ClassName=Sheet2 Member=Component R? 10K
Added Member To Class: ClassName=Sheet2 Member=Component U? L7805CV
Added Member To Class: ClassName=Sheet2 Member=Component U? LM324N
