Change Component Comment : Designator=C? Old Comment=Value New Comment=2.2u
Change Component Comment : Designator=C? Old Comment=Value New Comment=2.2u
Change Component Designator: OldDesignator=C? NewDesignator=C1
Change Component Designator: OldDesignator=C? NewDesignator=C2
Change Component Designator: OldDesignator=R? NewDesignator=R2
Change Component Designator: OldDesignator=R? NewDesignator=R3
Change Component Designator: OldDesignator=U? NewDesignator=U1
Change Component Designator: OldDesignator=U? NewDesignator=U2
Added Component: Designator=C3(ELEC-CAP-RAD10-20)
Added Component: Designator=C4(ELEC-CAP-RAD10-20)
Added Component: Designator=C?(ELEC-CAP-RAD10-20)
Added Component: Designator=C?(ELEC-CAP-RAD10-20)
Added Component: Designator=R4(Res-(1/4))
Added Component: Designator=R5(Res-(1/4))
Added Component: Designator=R?(Res-(1/4))
Added Component: Designator=R?(Res-(1/4))
Added Pin To Net: NetName=GND Pin=C3-1
Added Pin To Net: NetName=GND Pin=R2-2
Added Pin To Net: NetName=VCC Pin=U?-4
Added Pin To Net: NetName=GND Pin=U?-11
Added Pin To Net: NetName=NetC1_1 Pin=C1-1
Added Pin To Net: NetName=NetC1_1 Pin=C2-2
Added Pin To Net: NetName=NetC1_1 Pin=R3-2
Added Net: Name=NetC1_1
Added Pin To Net: NetName=NetC2_1 Pin=C2-1
Added Pin To Net: NetName=NetC2_1 Pin=R2-1
Added Pin To Net: NetName=NetC2_1 Pin=U1-3
Added Net: Name=NetC2_1
Added Pin To Net: NetName=NetC3_2 Pin=C3-2
Added Pin To Net: NetName=NetC3_2 Pin=R5-2
Added Pin To Net: NetName=NetC3_2 Pin=U2-5
Added Net: Name=NetC3_2
Added Pin To Net: NetName=NetC4_1 Pin=C4-1
Added Pin To Net: NetName=NetC4_1 Pin=R?-1
Added Pin To Net: NetName=NetC4_1 Pin=U2-6
Added Pin To Net: NetName=NetC4_1 Pin=U2-7
Added Net: Name=NetC4_1
Added Pin To Net: NetName=NetC4_2 Pin=C4-2
Added Pin To Net: NetName=NetC4_2 Pin=R4-2
Added Pin To Net: NetName=NetC4_2 Pin=R5-1
Added Net: Name=NetC4_2
Added Pin To Net: NetName=NetC?_2 Pin=C?-2
Added Pin To Net: NetName=NetC?_2 Pin=R?-2
Added Pin To Net: NetName=NetC?_2 Pin=U?-10
Added Net: Name=NetC?_2
Added Pin To Net: NetName=NetR3_1 Pin=R3-1
Added Pin To Net: NetName=NetR3_1 Pin=R4-1
Added Pin To Net: NetName=NetR3_1 Pin=U1-1
Added Pin To Net: NetName=NetR3_1 Pin=U1-2
Added Net: Name=NetR3_1
Added Pin To Net: NetName=NetU?_8 Pin=U?-8
Added Pin To Net: NetName=NetU?_8 Pin=U?-9
Added Net: Name=NetU?_8
Added Member To Class: ClassName=Sheet2 Member=Component C1 2.2u
Added Member To Class: ClassName=Sheet2 Member=Component C2 2.2u
Added Member To Class: ClassName=Sheet2 Member=Component C3 100n
Added Member To Class: ClassName=Sheet2 Member=Component C4 100n
Added Member To Class: ClassName=Sheet2 Member=Component C? Value
Added Member To Class: ClassName=Sheet2 Member=Component C? Value
Added Member To Class: ClassName=Sheet2 Member=Component R2 Res1
Added Member To Class: ClassName=Sheet2 Member=Component R4 150k
Added Member To Class: ClassName=Sheet2 Member=Component R5 150k
Added Member To Class: ClassName=Sheet2 Member=Component R? 10K
Added Member To Class: ClassName=Sheet2 Member=Component R? 10K
Added Member To Class: ClassName=Sheet2 Member=Component U1 AD620AN
Added Member To Class: ClassName=Sheet2 Member=Component U2 L7809CV
Added Member To Class: ClassName=Sheet2 Member=Component U? LM324N
Added Member To Class: ClassName=Sheet2 Member=Component U? L7805CV
Added Member To Class: ClassName=Sheet2 Member=Component U? LM324N
