Removed Pin From Net: NetName=NetR3_1 Pin=U1-1
Removed Pin From Net: NetName=NetR3_1 Pin=U1-2
Removed Pin From Net: NetName=NetC2_1 Pin=U1-3
Removed Pin From Net: NetName=VCC Pin=U1-4
Removed Pin From Net: NetName=NetC3_2 Pin=U1-5
Removed Pin From Net: NetName=NetC4_1 Pin=U1-6
Removed Pin From Net: NetName=NetC4_1 Pin=U1-7
Removed Pin From Net: NetName=NetU1_8 Pin=U1-8
Change Component Comment : Designator=R? Old Comment=10K New Comment=150K
Change Component Comment : Designator=R? Old Comment=10K New Comment=150k
Change Component Comment : Designator=C? Old Comment=Value New Comment=100n
Change Component Comment : Designator=C? Old Comment=Value New Comment=100n
Change Component Designator: OldDesignator=C? NewDesignator=C5
Change Component Designator: OldDesignator=C? NewDesignator=C6
Change Component Designator: OldDesignator=R? NewDesignator=R6
Change Component Designator: OldDesignator=R? NewDesignator=R7
Change Component Designator: OldDesignator=U1 NewDesignator=U2
Change Component Designator: OldDesignator=U2 NewDesignator=U3
Change Component Designator: OldDesignator=U? NewDesignator=U4
Change Component Designator: OldDesignator=U? NewDesignator=U5
Added Component: Designator=D2(DO-41)
Added Component: Designator=D?(DO-41)
Added Component: Designator=R8(Res-(1/4))
Added Component: Designator=R9(Res-(1/4))
Added Component: Designator=R10(AXIAL-0.3)
Added Component: Designator=R11(AXIAL-0.3)
Added Component: Designator=R12(Res-(1/4))
Added Component: Designator=S?(PUSH BUTTON)
Added Component: Designator=S?(PUSH BUTTON)
Added Component: Designator=U?(28P3)
Added Pin To Net: NetName=GND Pin=C5-1
Added Pin To Net: NetName=GND Pin=D2-1
Added Pin To Net: NetName=GND Pin=D?-1
Added Pin To Net: NetName=GND Pin=R8-2
Added Pin To Net: NetName=NetR3_1 Pin=U1-1
Added Pin To Net: NetName=NetR3_1 Pin=U1-2
Added Pin To Net: NetName=NetC2_1 Pin=U1-3
Added Pin To Net: NetName=VCC Pin=U1-4
Added Pin To Net: NetName=NetC3_2 Pin=U1-5
Added Pin To Net: NetName=NetC4_1 Pin=U1-6
Added Pin To Net: NetName=NetC4_1 Pin=U1-7
Added Pin To Net: NetName=NetU1_8 Pin=U1-8
Added Pin To Net: NetName=NetU1_8 Pin=U1-9
Added Pin To Net: NetName=GND Pin=U1-11
Added Pin To Net: NetName=NetU1_8 Pin=U1-12
Added Pin To Net: NetName=NetR1_1 Pin=U2-1
Added Pin To Net: NetName=NetP1_4 Pin=U2-2
Added Pin To Net: NetName=NetP1_2 Pin=U2-3
Added Pin To Net: NetName=GND Pin=U2-4
Added Pin To Net: NetName=GND Pin=U2-5
Added Pin To Net: NetName=VCC Pin=U2-7
Added Pin To Net: NetName=NetR1_2 Pin=U2-8
Added Pin To Net: NetName=VCC Pin=U4-4
Added Pin To Net: NetName=GND Pin=U4-11
Added Pin To Net: NetName=VIN Pin=U5-1
Added Pin To Net: NetName=GND Pin=U5-3
Added Pin To Net: NetName=GND Pin=U?-8
Added Pin To Net: NetName=GND Pin=U?-22
Change Net Name : Old Net Name=NetC?_2 New Net Name=NetC6_2
Added Pin To Net: NetName=NetC1_2 Pin=C1-2
Added Pin To Net: NetName=NetC1_2 Pin=R10-2
Added Pin To Net: NetName=NetC1_2 Pin=U2-6
Added Net: Name=NetC1_2
Added Pin To Net: NetName=NetC5_2 Pin=C5-2
Added Pin To Net: NetName=NetC5_2 Pin=R7-2
Added Pin To Net: NetName=NetC5_2 Pin=U1-10
Added Net: Name=NetC5_2
Added Pin To Net: NetName=NetR8_1 Pin=R8-1
Added Pin To Net: NetName=NetR8_1 Pin=R9-1
Added Pin To Net: NetName=NetR8_1 Pin=U4-2
Added Net: Name=NetR8_1
Added Pin To Net: NetName=NetR9_2 Pin=R9-2
Added Pin To Net: NetName=NetR9_2 Pin=R11-2
Added Pin To Net: NetName=NetR9_2 Pin=U4-1
Added Net: Name=NetR9_2
Added Pin To Net: NetName=NetR12_1 Pin=R12-1
Added Pin To Net: NetName=NetR12_1 Pin=U?-1
Added Net: Name=NetR12_1
Added Pin To Net: NetName=NetU1_13 Pin=U1-13
Added Pin To Net: NetName=NetU1_13 Pin=U1-14
Added Pin To Net: NetName=NetU1_13 Pin=U4-3
Added Net: Name=NetU1_13
Added Pin To Net: NetName=PC0 Pin=D?-2
Added Pin To Net: NetName=PC0 Pin=R10-1
Added Pin To Net: NetName=PC0 Pin=U?-23
Added Net: Name=PC0
Added Pin To Net: NetName=PC1 Pin=D2-2
Added Pin To Net: NetName=PC1 Pin=R11-1
Added Pin To Net: NetName=PC1 Pin=U?-24
Added Net: Name=PC1
Added Pin To Net: NetName=V5V Pin=R12-2
Added Pin To Net: NetName=V5V Pin=U5-2
Added Pin To Net: NetName=V5V Pin=U?-7
Added Pin To Net: NetName=V5V Pin=U?-20
Added Net: Name=V5V
Added Member To Class: ClassName=Sheet2 Member=Component C6 100n
Added Member To Class: ClassName=Sheet2 Member=Component D2 MODEL
Added Member To Class: ClassName=Sheet2 Member=Component D? MODEL
Added Member To Class: ClassName=Sheet2 Member=Component R6 150k
Added Member To Class: ClassName=Sheet2 Member=Component R8 2.2k
Added Member To Class: ClassName=Sheet2 Member=Component R9 100k
Added Member To Class: ClassName=Sheet2 Member=Component R10 Res1
Added Member To Class: ClassName=Sheet2 Member=Component R11 Res1
Added Member To Class: ClassName=Sheet2 Member=Component R12 10k
Added Member To Class: ClassName=Sheet2 Member=Component S? PUSH BUTTON
Added Member To Class: ClassName=Sheet2 Member=Component S? PUSH BUTTON
Added Member To Class: ClassName=Sheet2 Member=Component U3 L7809CV
Added Member To Class: ClassName=Sheet2 Member=Component U4 LM324N
Added Member To Class: ClassName=Sheet2 Member=Component U? ATmega8A-PU
