Change Component Footprint: Designator=J2 Old Footprint=HEADER 4X1 New Footprint=Header 2X1
Change Component Comment : Designator=J2 Old Comment=Header4X1 New Comment=Header2X1
Added Component: Designator=C7(ELEC-CAP-RAD10-20)
Added Component: Designator=C8(ELEC-CAP-RAD10-20)
Added Component: Designator=C9(ELEC-CAP-RAD10-20)
Added Component: Designator=C10(ELEC-CAP-RAD10-20)
Added Component: Designator=J3(Header 2X1)
Added Component: Designator=R15(AXIAL-0.3)
Added Component: Designator=R16(AXIAL-0.3)
Added Pin To Net: NetName=PUMP Pin=C9-1
Added Pin To Net: NetName=V5V Pin=C9-2
Added Pin To Net: NetName=VALVE Pin=C10-1
Added Pin To Net: NetName=V5V Pin=C10-2
Added Pin To Net: NetName=GND Pin=R15-2
Added Pin To Net: NetName=GND Pin=R16-2
Added Pin To Net: NetName=1INT Pin=C8-2
Added Pin To Net: NetName=1INT Pin=J3-2
Added Pin To Net: NetName=1INT Pin=R15-1
Added Net: Name=1INT
Added Pin To Net: NetName=2INT Pin=C7-1
Added Pin To Net: NetName=2INT Pin=J2-1
Added Pin To Net: NetName=2INT Pin=U6-5
Added Net: Name=2INT
Added Pin To Net: NetName=3INT Pin=C7-2
Added Pin To Net: NetName=3INT Pin=J2-2
Added Pin To Net: NetName=3INT Pin=R16-1
Added Net: Name=3INT
Added Pin To Net: NetName=INT Pin=C8-1
Added Pin To Net: NetName=INT Pin=J3-1
Added Pin To Net: NetName=INT Pin=U6-4
Added Net: Name=INT
Added Member To Class: ClassName=Sheet2 Member=Component C7 2.2u
Added Member To Class: ClassName=Sheet2 Member=Component C8 2.2u
Added Member To Class: ClassName=Sheet2 Member=Component C9 100n
Added Member To Class: ClassName=Sheet2 Member=Component C10 100n
Added Member To Class: ClassName=Sheet2 Member=Component J3 Header2X1
Added Member To Class: ClassName=Sheet2 Member=Component R15 Res1
Added Member To Class: ClassName=Sheet2 Member=Component R16 Res1
