Removed Pin From Net: NetName=NetC4_2 Pin=R4-2
Removed Pin From Net: NetName=NetC4_2 Pin=R5-1
Removed Pin From Net: NetName=NetC3_2 Pin=R5-2
Removed Pin From Net: NetName=NetC6_2 Pin=R6-2
Removed Pin From Net: NetName=NetC6_2 Pin=R7-1
Removed Pin From Net: NetName=NetC5_2 Pin=R7-2
Removed Pin From Net: NetName=GND Pin=R8-2
Removed Pin From Net: NetName=V5V Pin=R12-2
Change Component Footprint: Designator=R4 Old Footprint=Res-(1/4) New Footprint=AXIAL-0.3
Change Component Footprint: Designator=R5 Old Footprint=Res-(1/4) New Footprint=AXIAL-0.3
Change Component Footprint: Designator=R6 Old Footprint=Res-(1/4) New Footprint=AXIAL-0.3
Change Component Footprint: Designator=R7 Old Footprint=Res-(1/4) New Footprint=AXIAL-0.3
Change Component Footprint: Designator=R8 Old Footprint=Res-(1/4) New Footprint=AXIAL-0.3
Change Component Footprint: Designator=R9 Old Footprint=Res-(1/4) New Footprint=AXIAL-0.3
Change Component Footprint: Designator=R12 Old Footprint=Res-(1/4) New Footprint=AXIAL-0.3
Change Component Comment : Designator=R8 Old Comment=2.2k New Comment=Res1
Change Component Comment : Designator=R12 Old Comment=10k New Comment=Res1
Change Component Comment : Designator=R9 Old Comment=100k New Comment=Res1
Change Component Comment : Designator=R4 Old Comment=150k New Comment=Res1
Change Component Comment : Designator=R5 Old Comment=150k New Comment=Res1
Change Component Comment : Designator=R6 Old Comment=150k New Comment=Res1
Change Component Comment : Designator=R7 Old Comment=150K New Comment=Res1
Added Pin To Net: NetName=NetC4_2 Pin=R4-1
Added Pin To Net: NetName=NetR3_1 Pin=R4-2
Added Pin To Net: NetName=NetC3_2 Pin=R5-1
Added Pin To Net: NetName=NetC4_2 Pin=R5-2
Added Pin To Net: NetName=NetC6_2 Pin=R6-1
Added Pin To Net: NetName=NetC4_1 Pin=R6-2
Added Pin To Net: NetName=NetC5_2 Pin=R7-1
Added Pin To Net: NetName=NetC6_2 Pin=R7-2
Added Pin To Net: NetName=GND Pin=R8-1
Added Pin To Net: NetName=V5V Pin=R12-1
Added Pin To Net: NetName=NetR3_1 Pin=U1-1
Added Pin To Net: NetName=NetC4_1 Pin=U1-7
Added Pin To Net: NetName=NetC6_1 Pin=U1-8
Added Pin To Net: NetName=NetC6_1 Pin=U1-12
Added Pin To Net: NetName=NetR8_2 Pin=R8-2
Added Pin To Net: NetName=NetR8_2 Pin=R9-2
Added Pin To Net: NetName=NetR8_2 Pin=U4-2
Added Net: Name=NetR8_2
Added Pin To Net: NetName=NetR9_1 Pin=R9-1
Added Pin To Net: NetName=NetR9_1 Pin=R11-2
Added Pin To Net: NetName=NetR9_1 Pin=U4-1
Added Net: Name=NetR9_1
Added Pin To Net: NetName=NetR12_2 Pin=R12-2
Added Pin To Net: NetName=NetR12_2 Pin=U6-1
Added Net: Name=NetR12_2
Added Room: Name=Sheet2
