Added Component: Designator=J4(HEADER 5X1)
Added Component: Designator=J5(HEADER 5X1)
Added Component: Designator=VR1(Multi Turn)
Added Pin To Net: NetName=GND Pin=J4-1
Added Pin To Net: NetName=V5V Pin=J4-2
Added Pin To Net: NetName=GND Pin=VR1-1
Added Pin To Net: NetName=V5V Pin=VR1-3
Added Pin To Net: NetName=D4 Pin=J5-2
Added Pin To Net: NetName=D4 Pin=U6-18
Added Net: Name=D4
Added Pin To Net: NetName=D5 Pin=J5-3
Added Pin To Net: NetName=D5 Pin=U6-19
Added Net: Name=D5
Added Pin To Net: NetName=D6 Pin=J5-4
Added Pin To Net: NetName=D6 Pin=U6-9
Added Net: Name=D6
Added Pin To Net: NetName=D7 Pin=J5-5
Added Pin To Net: NetName=D7 Pin=U6-10
Added Net: Name=D7
Added Pin To Net: NetName=EN Pin=J5-1
Added Pin To Net: NetName=EN Pin=U6-16
Added Net: Name=EN
Added Pin To Net: NetName=NetJ4_3 Pin=J4-3
Added Pin To Net: NetName=NetJ4_3 Pin=VR1-2
Added Net: Name=NetJ4_3
Added Pin To Net: NetName=RS Pin=J4-4
Added Pin To Net: NetName=RS Pin=U6-14
Added Net: Name=RS
Added Pin To Net: NetName=RW Pin=J4-5
Added Pin To Net: NetName=RW Pin=U6-15
Added Net: Name=RW
Added Member To Class: ClassName=Sheet2 Member=Component J4 Header5X1
Added Member To Class: ClassName=Sheet2 Member=Component J5 Header5X1
Added Member To Class: ClassName=Sheet2 Member=Component VR1 10K
Added Room: Name=Sheet2
