Removed Member From Class: ClassName=Sheet2 Member=P?
Change Component Designator: OldDesignator=J? NewDesignator=J1
Change Component Designator: OldDesignator=U? NewDesignator=U1
Added Component: Designator=C?(RB7.6-15)
Added Component: Designator=C?(RB7.6-15)
Added Component: Designator=P1(HDR1X4)
Added Component: Designator=R1(AXIAL-0.3)
Added Component: Designator=R?(AXIAL-0.3)
Added Component: Designator=R?(AXIAL-0.3)
Added Component: Designator=U2(TO220ABN)
Added Component: Designator=U?(TO220ABN)
Added Pin To Net: NetName=GND Pin=J1-2
Added Pin To Net: NetName=GND Pin=P1-1
Added Pin To Net: NetName=GND Pin=U1-4
Added Pin To Net: NetName=GND Pin=U1-5
Added Pin To Net: NetName=GND Pin=U2-3
Added Pin To Net: NetName=GND Pin=U?-11
Added Pin To Net: NetName=GND Pin=U?-11
Added Net: Name=GND
Added Pin To Net: NetName=NetP1_2 Pin=P1-2
Added Pin To Net: NetName=NetP1_2 Pin=U1-3
Added Net: Name=NetP1_2
Added Pin To Net: NetName=NetP1_4 Pin=P1-4
Added Pin To Net: NetName=NetP1_4 Pin=U1-2
Added Net: Name=NetP1_4
Added Pin To Net: NetName=NetR1_1 Pin=R1-1
Added Pin To Net: NetName=NetR1_1 Pin=U1-1
Added Net: Name=NetR1_1
Added Pin To Net: NetName=NetR1_2 Pin=R1-2
Added Pin To Net: NetName=NetR1_2 Pin=U1-8
Added Net: Name=NetR1_2
Added Pin To Net: NetName=VCC Pin=P1-3
Added Pin To Net: NetName=VCC Pin=U1-7
Added Pin To Net: NetName=VCC Pin=U2-2
Added Pin To Net: NetName=VCC Pin=U?-4
Added Pin To Net: NetName=VCC Pin=U?-4
Added Net: Name=VCC
Added Pin To Net: NetName=VIN Pin=J1-1
Added Pin To Net: NetName=VIN Pin=U2-1
Added Net: Name=VIN
Added Member To Class: ClassName=Sheet2 Member=Component C? Cap Pol1
Added Member To Class: ClassName=Sheet2 Member=Component C? Cap Pol1
Added Member To Class: ClassName=Sheet2 Member=Component P1 Header 4
Added Member To Class: ClassName=Sheet2 Member=Component R1 Res1
Added Member To Class: ClassName=Sheet2 Member=Component R? Res1
Added Member To Class: ClassName=Sheet2 Member=Component R? Res1
Added Member To Class: ClassName=Sheet2 Member=Component U1 AD620AN
Added Member To Class: ClassName=Sheet2 Member=Component U2 L7809CV
Added Member To Class: ClassName=Sheet2 Member=Component U? LM324N
Added Member To Class: ClassName=Sheet2 Member=Component U? LM324N
Added Member To Class: ClassName=Sheet2 Member=Component U? L7805CV
Added Member To Class: ClassName=Sheet2 Member=Component U? LM324N
Added Member To Class: ClassName=Sheet2 Member=Component U? LM324N
